<?xml version="1.0" encoding="UTF-8"?>
<testsuite name="Cucumber" time="0.142" tests="1" skipped="0" failures="0" errors="0">
<testcase classname="used to test the login functionality" name="User should able to login with valid credentials" time="0.016">
<system-out><![CDATA[
Given user should be in login page..........................................passed
When user enter credentials with valid username and password................passed
And user clicked on submit button...........................................passed
Then user should successfully logged into home screen.......................passed
]]></system-out>
</testcase>
</testsuite>
