<?xml version="1.0" encoding="UTF-8"?>
<!-- Generated by org.testng.reporters.JUnitReportReporter -->
<testsuite hostname="LAPTOP-8D0MBPQA" failures="0" tests="2" name="testngtestcases.SecondClass" time="0.004" errors="0" timestamp="2024-04-21T12:23:27 IST" skipped="0">
  <testcase classname="testngtestcases.SecondClass" name="secondClassSecondmethod" time="0.003"/>
  <testcase classname="testngtestcases.SecondClass" name="secondClassFirstMethod" time="0.001"/>
</testsuite> <!-- testngtestcases.SecondClass -->
