<?xml version="1.0" encoding="UTF-8"?>
<!-- Generated by org.testng.reporters.JUnitReportReporter -->
<testsuite hostname="LAPTOP-8D0MBPQA" failures="0" tests="2" name="ExcelRead.CalingPoiClass" time="8.766" errors="0" timestamp="2024-04-26T19:02:13 IST" skipped="0">
  <testcase classname="ExcelRead.CalingPoiClass" name="testData" time="2.858"/>
  <testcase classname="ExcelRead.CalingPoiClass" name="testData" time="5.908"/>
</testsuite> <!-- ExcelRead.CalingPoiClass -->
