<?xml version="1.0" encoding="UTF-8"?>
<!-- Generated by org.testng.reporters.JUnitReportReporter -->
<testsuite hostname="LAPTOP-8D0MBPQA" failures="0" tests="1" name="properties.TestNGDemo" time="4.375" errors="0" timestamp="2024-04-28T07:24:18 IST" skipped="0">
  <testcase classname="properties.TestNGDemo" name="testOne" time="4.375"/>
</testsuite> <!-- properties.TestNGDemo -->
