<?xml version="1.0" encoding="UTF-8"?>
<!-- Generated by org.testng.reporters.JUnitReportReporter -->
<testsuite hostname="LAPTOP-8D0MBPQA" failures="0" tests="2" name="testngtestcases.AnnotationChecksClass" time="0.015" errors="0" timestamp="2024-04-21T12:23:27 IST" skipped="1">
  <testcase classname="testngtestcases.AnnotationChecksClass" name="secondTestMethod" time="0.001">
    <skipped/>
  </testcase> <!-- secondTestMethod -->
  <testcase classname="testngtestcases.AnnotationChecksClass" name="FirstTestMethod" time="0.014"/>
</testsuite> <!-- testngtestcases.AnnotationChecksClass -->
