<?xml version="1.0" encoding="UTF-8"?>
<!-- Generated by org.testng.reporters.JUnitReportReporter -->
<testsuite hostname="LAPTOP-8D0MBPQA" failures="0" tests="3" name="Parameterconcept.GroupingClass" time="0.015" errors="0" timestamp="2024-05-01T11:55:38 IST" skipped="0">
  <testcase classname="Parameterconcept.GroupingClass" name="test2" time="0.002"/>
  <testcase classname="Parameterconcept.GroupingClass" name="test3" time="0.002"/>
  <testcase classname="Parameterconcept.GroupingClass" name="test1" time="0.011"/>
</testsuite> <!-- Parameterconcept.GroupingClass -->
