<?xml version="1.0" encoding="UTF-8"?>
<!-- Generated by org.testng.reporters.JUnitReportReporter -->
<testsuite hostname="LAPTOP-8D0MBPQA" failures="0" tests="1" name="Parameterconcept.TestNGParameterClass" time="0.008" errors="0" timestamp="2024-05-01T10:30:45 IST" skipped="0">
  <testcase classname="Parameterconcept.TestNGParameterClass" name="setupParameter" time="0.008"/>
</testsuite> <!-- Parameterconcept.TestNGParameterClass -->
